<?xml version="1.0" encoding="UTF-8"?>
<!-- Generated by org.testng.reporters.JUnitReportReporter -->
<testsuite skipped="0" hostname="USBLRABHISHEK4" name="com.zalenium.test.TestZalenium" tests="2" failures="0" timestamp="2020-04-07T18:15:10 IST" time="13.187" errors="0">
  <testcase name="testZaleniumDemo" time="5.539" classname="com.zalenium.test.TestZalenium"/>
  <system-out/>
  <testcase name="testZaleniumDemo" time="7.648" classname="com.zalenium.test.TestZalenium"/>
  <system-out/>
</testsuite> <!-- com.zalenium.test.TestZalenium -->
